Using pre-set license
Built from '2021.3/staging' branch; Version is '2021.3.11f1 (0a5ca18544bf) revision 679073'; Using compiler version '192829333'; Build Type 'Release'
OS: 'Windows 11  (10.0.22621) 64bit Professional' Language: 'pt' Physical Memory: 12081 MB
BatchMode: 1, IsHumanControllingUs: 0, StartBugReporterOnCrash: 0, Is64bit: 1, IsPro: 1

COMMAND LINE ARGUMENTS:
C:\Program Files\Unity\Hub\Editor\2021.3.11f1\Editor\Unity.exe
-adb2
-batchMode
-noUpm
-name
AssetImportWorker3
-projectPath
E:/Projetos Unity/GabrielToonShader/GabrielToonShader
-logFile
Logs/AssetImportWorker3.log
-srvPort
57714
Successfully changed project path to: E:/Projetos Unity/GabrielToonShader/GabrielToonShader
E:/Projetos Unity/GabrielToonShader/GabrielToonShader
[UnityMemory] Configuration Parameters - Can be set up in boot.config
    "memorysetup-bucket-allocator-granularity=16"
    "memorysetup-bucket-allocator-bucket-count=8"
    "memorysetup-bucket-allocator-block-size=33554432"
    "memorysetup-bucket-allocator-block-count=8"
    "memorysetup-main-allocator-block-size=16777216"
    "memorysetup-thread-allocator-block-size=16777216"
    "memorysetup-gfx-main-allocator-block-size=16777216"
    "memorysetup-gfx-thread-allocator-block-size=16777216"
    "memorysetup-cache-allocator-block-size=4194304"
    "memorysetup-typetree-allocator-block-size=2097152"
    "memorysetup-profiler-bucket-allocator-granularity=16"
    "memorysetup-profiler-bucket-allocator-bucket-count=8"
    "memorysetup-profiler-bucket-allocator-block-size=33554432"
    "memorysetup-profiler-bucket-allocator-block-count=8"
    "memorysetup-profiler-allocator-block-size=16777216"
    "memorysetup-profiler-editor-allocator-block-size=1048576"
    "memorysetup-temp-allocator-size-main=16777216"
    "memorysetup-job-temp-allocator-block-size=2097152"
    "memorysetup-job-temp-allocator-block-size-background=1048576"
    "memorysetup-job-temp-allocator-reduction-small-platforms=262144"
    "memorysetup-temp-allocator-size-background-worker=32768"
    "memorysetup-temp-allocator-size-job-worker=262144"
    "memorysetup-temp-allocator-size-preload-manager=33554432"
    "memorysetup-temp-allocator-size-nav-mesh-worker=65536"
    "memorysetup-temp-allocator-size-audio-worker=65536"
    "memorysetup-temp-allocator-size-cloud-worker=32768"
    "memorysetup-temp-allocator-size-gi-baking-worker=262144"
    "memorysetup-temp-allocator-size-gfx=262144"
Refreshing native plugins compatible for Editor in 91.91 ms, found 3 plugins.
Preloading 0 native plugins for Editor in 0.00 ms.
Initialize engine version: 2021.3.11f1 (0a5ca18544bf)
[Subsystems] Discovering subsystems at path C:/Program Files/Unity/Hub/Editor/2021.3.11f1/Editor/Data/Resources/UnitySubsystems
[Subsystems] Discovering subsystems at path E:/Projetos Unity/GabrielToonShader/GabrielToonShader/Assets
GfxDevice: creating device client; threaded=0; jobified=0
Direct3D:
    Version:  Direct3D 11.0 [level 11.1]
    Renderer: AMD Radeon(TM) Graphics (ID=0x1638)
    Vendor:   ATI
    VRAM:     6040 MB
    Driver:   31.0.12019.16007
Initialize mono
Mono path[0] = 'C:/Program Files/Unity/Hub/Editor/2021.3.11f1/Editor/Data/Managed'
Mono path[1] = 'C:/Program Files/Unity/Hub/Editor/2021.3.11f1/Editor/Data/MonoBleedingEdge/lib/mono/unityjit-win32'
Mono config path = 'C:/Program Files/Unity/Hub/Editor/2021.3.11f1/Editor/Data/MonoBleedingEdge/etc'
Using monoOptions --debugger-agent=transport=dt_socket,embedding=1,server=y,suspend=n,address=127.0.0.1:56424
Begin MonoManager ReloadAssembly
Registering precompiled unity dll's ...
Register platform support module: C:/Program Files/Unity/Hub/Editor/2021.3.11f1/Editor/Data/PlaybackEngines/WindowsStandaloneSupport/UnityEditor.WindowsStandalone.Extensions.dll
Registered in 0.003942 seconds.
Native extension for WindowsStandalone target not found
Refreshing native plugins compatible for Editor in 90.87 ms, found 3 plugins.
Preloading 0 native plugins for Editor in 0.00 ms.
Mono: successfully reloaded assembly
- Completed reload, in  0.535 seconds
Domain Reload Profiling:
	ReloadAssembly (535ms)
		BeginReloadAssembly (64ms)
			ExecutionOrderSort (0ms)
			DisableScriptedObjects (0ms)
			BackupInstance (0ms)
			ReleaseScriptingObjects (0ms)
			CreateAndSetChildDomain (1ms)
		EndReloadAssembly (383ms)
			LoadAssemblies (62ms)
			RebuildTransferFunctionScriptingTraits (0ms)
			SetupTypeCache (82ms)
			ReleaseScriptCaches (0ms)
			RebuildScriptCaches (21ms)
			SetupLoadedEditorAssemblies (238ms)
				LogAssemblyErrors (0ms)
				InitializePlatformSupportModulesInManaged (6ms)
				SetLoadedEditorAssemblies (0ms)
				RefreshPlugins (91ms)
				BeforeProcessingInitializeOnLoad (1ms)
				ProcessInitializeOnLoadAttributes (101ms)
				ProcessInitializeOnLoadMethodAttributes (38ms)
				AfterProcessingInitializeOnLoad (0ms)
				EditorAssembliesLoaded (0ms)
			ExecutionOrderSort2 (0ms)
			AwakeInstancesAfterBackupRestoration (0ms)
Platform modules already initialized, skipping
Registering precompiled user dll's ...
Registered in 0.005151 seconds.
Begin MonoManager ReloadAssembly
Symbol file LoadedFromMemory doesn't match image E:\Projetos Unity\GabrielToonShader\GabrielToonShader\Library\PackageCache\com.unity.visualscripting@1.7.8\Editor\VisualScripting.Core\Dependencies\YamlDotNet\Unity.VisualScripting.YamlDotNet.dll
Symbol file LoadedFromMemory doesn't match image E:\Projetos Unity\GabrielToonShader\GabrielToonShader\Library\PackageCache\com.unity.visualscripting@1.7.8\Editor\VisualScripting.Core\Dependencies\DotNetZip\Unity.VisualScripting.IonicZip.dll
Native extension for WindowsStandalone target not found
Refreshing native plugins compatible for Editor in 92.57 ms, found 3 plugins.
Preloading 0 native plugins for Editor in 0.00 ms.
Mono: successfully reloaded assembly
- Completed reload, in  1.082 seconds
Domain Reload Profiling:
	ReloadAssembly (1083ms)
		BeginReloadAssembly (94ms)
			ExecutionOrderSort (0ms)
			DisableScriptedObjects (5ms)
			BackupInstance (0ms)
			ReleaseScriptingObjects (0ms)
			CreateAndSetChildDomain (19ms)
		EndReloadAssembly (897ms)
			LoadAssemblies (77ms)
			RebuildTransferFunctionScriptingTraits (0ms)
			SetupTypeCache (236ms)
			ReleaseScriptCaches (1ms)
			RebuildScriptCaches (46ms)
			SetupLoadedEditorAssemblies (507ms)
				LogAssemblyErrors (0ms)
				InitializePlatformSupportModulesInManaged (3ms)
				SetLoadedEditorAssemblies (0ms)
				RefreshPlugins (93ms)
				BeforeProcessingInitializeOnLoad (98ms)
				ProcessInitializeOnLoadAttributes (234ms)
				ProcessInitializeOnLoadMethodAttributes (73ms)
				AfterProcessingInitializeOnLoad (5ms)
				EditorAssembliesLoaded (0ms)
			ExecutionOrderSort2 (0ms)
			AwakeInstancesAfterBackupRestoration (5ms)
Platform modules already initialized, skipping
========================================================================
Worker process is ready to serve import requests
Launched and connected shader compiler UnityShaderCompiler.exe after 0.05 seconds
Refreshing native plugins compatible for Editor in 0.99 ms, found 3 plugins.
Preloading 0 native plugins for Editor in 0.00 ms.
Unloading 5264 Unused Serialized files (Serialized files now loaded: 0)
Unloading 37 unused Assets / (0.8 MB). Loaded Objects now: 5712.
Memory consumption went from 203.0 MB to 202.3 MB.
Total: 3.744500 ms (FindLiveObjects: 0.438800 ms CreateObjectMapping: 0.185400 ms MarkObjects: 2.811200 ms  DeleteObjects: 0.308200 ms)

AssetImportParameters requested are different than current active one (requested -> active):
  custom:video-decoder-ogg-theora: a1e56fd34408186e4bbccfd4996cb3dc -> 
  custom:container-muxer-webm: aa71ff27fc2769a1b78a27578f13a17b -> 
  custom:container-demuxer-webm: 4f35f7cbe854078d1ac9338744f61a02 -> 
  custom:video-encoder-webm-vp8: eb34c28f22e8b96e1ab97ce403110664 -> 
  custom:audio-encoder-webm-vorbis: bf7c407c2cedff20999df2af8eb42d56 -> 
  custom:framework-win-MediaFoundation: 216162199b28c13a410421893ffa2e32 -> 
  custom:container-demuxer-ogg: 62fdf1f143b41e24485cea50d1cbac27 -> 
  custom:video-decoder-webm-vp8: 9c59270c3fd7afecdb556c50c9e8de78 -> 
  custom:audio-decoder-ogg-vorbis: bf7c407c2cedff20999df2af8eb42d56 -> 
========================================================================
Received Import Request.
  Time since last request: 287926.527318 seconds.
  path: Assets/GabrielToonShader/New Universal Render Pipeline Asset_Renderer.asset
  artifactKey: Guid(51166b17dd5ed8847b1995702e454d3e) Importer(815301076,1909f56bfc062723c751e8b465ee728b)
Start importing Assets/GabrielToonShader/New Universal Render Pipeline Asset_Renderer.asset using Guid(51166b17dd5ed8847b1995702e454d3e) Importer(815301076,1909f56bfc062723c751e8b465ee728b)  -> (artifact id: 'b97efdf9861591d76958de906d1a8ca0') in 0.058174 seconds 
========================================================================
Received Import Request.
  Time since last request: 21.663092 seconds.
  path: Assets/GabrielToonShader/URP Settings/New Universal Render Pipeline Asset_Renderer.asset
  artifactKey: Guid(7e811afcc8bc4b641b0a3db2390d8684) Importer(815301076,1909f56bfc062723c751e8b465ee728b)
Start importing Assets/GabrielToonShader/URP Settings/New Universal Render Pipeline Asset_Renderer.asset using Guid(7e811afcc8bc4b641b0a3db2390d8684) Importer(815301076,1909f56bfc062723c751e8b465ee728b)  -> (artifact id: 'd1422a5b68a2bd48338005f4a2f1011c') in 0.018727 seconds 
========================================================================
Received Prepare
Switching render pipeline 00000000000000000000000000000000 -> f9a5c752aad3752408e589b6b218188c
Refreshing native plugins compatible for Editor in 4.37 ms, found 3 plugins.
Preloading 0 native plugins for Editor in 0.00 ms.
Unloading 78 Unused Serialized files (Serialized files now loaded: 0)
Unloading 30 unused Assets / (0.7 MB). Loaded Objects now: 5761.
Memory consumption went from 96.9 MB to 96.1 MB.
Total: 4.646000 ms (FindLiveObjects: 0.428100 ms CreateObjectMapping: 0.484800 ms MarkObjects: 3.349600 ms  DeleteObjects: 0.383100 ms)

AssetImportParameters requested are different than current active one (requested -> active):
  custom:video-decoder-ogg-theora: a1e56fd34408186e4bbccfd4996cb3dc -> 
  custom:container-muxer-webm: aa71ff27fc2769a1b78a27578f13a17b -> 
  custom:container-demuxer-webm: 4f35f7cbe854078d1ac9338744f61a02 -> 
  custom:video-encoder-webm-vp8: eb34c28f22e8b96e1ab97ce403110664 -> 
  custom:audio-encoder-webm-vorbis: bf7c407c2cedff20999df2af8eb42d56 -> 
  custom:framework-win-MediaFoundation: 216162199b28c13a410421893ffa2e32 -> 
  custom:container-demuxer-ogg: 62fdf1f143b41e24485cea50d1cbac27 -> 
  custom:video-decoder-webm-vp8: 9c59270c3fd7afecdb556c50c9e8de78 -> 
  custom:audio-decoder-ogg-vorbis: bf7c407c2cedff20999df2af8eb42d56 -> 
========================================================================
Received Import Request.
  Time since last request: 12.549395 seconds.
  path: Assets/GabrielToonShader/URP Settings/New Universal Render Pipeline Asset_Renderer.asset
  artifactKey: Guid(7e811afcc8bc4b641b0a3db2390d8684) Importer(815301076,1909f56bfc062723c751e8b465ee728b)
Start importing Assets/GabrielToonShader/URP Settings/New Universal Render Pipeline Asset_Renderer.asset using Guid(7e811afcc8bc4b641b0a3db2390d8684) Importer(815301076,1909f56bfc062723c751e8b465ee728b)  -> (artifact id: '39ad89f7af7c123b52d9833b63125a5e') in 0.002097 seconds 
========================================================================
Received Import Request.
  Time since last request: 70.889577 seconds.
  path: Assets/GabrielToonShader/Shader/GabrielToonShader/FinalToonShaderGbufferPass.hlsl
  artifactKey: Guid(863cc7184ccd54e43a3197564f636eca) Importer(815301076,1909f56bfc062723c751e8b465ee728b)
Start importing Assets/GabrielToonShader/Shader/GabrielToonShader/FinalToonShaderGbufferPass.hlsl using Guid(863cc7184ccd54e43a3197564f636eca) Importer(815301076,1909f56bfc062723c751e8b465ee728b)  -> (artifact id: '492f71a2cb98c112a15bd860ec4d8497') in 0.005601 seconds 
========================================================================
Received Import Request.
  Time since last request: 0.000023 seconds.
  path: Assets/GabrielToonShader/Shader/GabrielToonShader/FinalToonShaderMetaPass.hlsl
  artifactKey: Guid(e730c00f0db0ece418e6512d2b798c6b) Importer(815301076,1909f56bfc062723c751e8b465ee728b)
Start importing Assets/GabrielToonShader/Shader/GabrielToonShader/FinalToonShaderMetaPass.hlsl using Guid(e730c00f0db0ece418e6512d2b798c6b) Importer(815301076,1909f56bfc062723c751e8b465ee728b)  -> (artifact id: 'b2fe70d491f6c1403d776e54ae83bc7c') in 0.002119 seconds 
========================================================================
Received Import Request.
  Time since last request: 0.000038 seconds.
  path: Assets/GabrielToonShader/Shader/GabrielToonShader/FinalToonShaderShadowCasterPass.hlsl
  artifactKey: Guid(47fa924fa0a9f86489282ad0f550843d) Importer(815301076,1909f56bfc062723c751e8b465ee728b)
Start importing Assets/GabrielToonShader/Shader/GabrielToonShader/FinalToonShaderShadowCasterPass.hlsl using Guid(47fa924fa0a9f86489282ad0f550843d) Importer(815301076,1909f56bfc062723c751e8b465ee728b)  -> (artifact id: '86327dec5326bc7d7a6d058a7e206fc2') in 0.001555 seconds 
========================================================================
Received Import Request.
  Time since last request: 0.000030 seconds.
  path: Assets/GabrielToonShader/Shader/GabrielToonShader/ToonShaderDepthNormalPass.hlsl
  artifactKey: Guid(f6ef48f8dc510604f84a1d0879ccec4e) Importer(815301076,1909f56bfc062723c751e8b465ee728b)
Start importing Assets/GabrielToonShader/Shader/GabrielToonShader/ToonShaderDepthNormalPass.hlsl using Guid(f6ef48f8dc510604f84a1d0879ccec4e) Importer(815301076,1909f56bfc062723c751e8b465ee728b)  -> (artifact id: 'f081cb7adf78ff3dba1e6e782f03a27d') in 0.001404 seconds 
========================================================================
Received Import Request.
  Time since last request: 0.000023 seconds.
  path: Packages/com.unity.textmeshpro/Editor Resources/Shaders/TMP_SDF_SSD.cginc
  artifactKey: Guid(abe6991365a27d341a10580f3b7c0f44) Importer(815301076,1909f56bfc062723c751e8b465ee728b)
Start importing Packages/com.unity.textmeshpro/Editor Resources/Shaders/TMP_SDF_SSD.cginc using Guid(abe6991365a27d341a10580f3b7c0f44) Importer(815301076,1909f56bfc062723c751e8b465ee728b)  -> (artifact id: '9004ed8f25ea9bdbe1a91723eb6c3a10') in 0.003353 seconds 
Editor requested this worker to shutdown with reason: Scaling down because of idle timeout
AssetImportWorker is now disconnected from the server
Process exiting
Exiting without the bug reporter. Application will terminate with return code 0