Using pre-set license
Built from '2021.3/staging' branch; Version is '2021.3.11f1 (0a5ca18544bf) revision 679073'; Using compiler version '192829333'; Build Type 'Release'
OS: 'Windows 11  (10.0.22621) 64bit Professional' Language: 'pt' Physical Memory: 12081 MB
BatchMode: 1, IsHumanControllingUs: 0, StartBugReporterOnCrash: 0, Is64bit: 1, IsPro: 1

COMMAND LINE ARGUMENTS:
C:\Program Files\Unity\Hub\Editor\2021.3.11f1\Editor\Unity.exe
-adb2
-batchMode
-noUpm
-name
AssetImportWorker5
-projectPath
E:/Projetos Unity/GabrielToonShader/GabrielToonShader
-logFile
Logs/AssetImportWorker5.log
-srvPort
57714
Successfully changed project path to: E:/Projetos Unity/GabrielToonShader/GabrielToonShader
E:/Projetos Unity/GabrielToonShader/GabrielToonShader
[UnityMemory] Configuration Parameters - Can be set up in boot.config
    "memorysetup-bucket-allocator-granularity=16"
    "memorysetup-bucket-allocator-bucket-count=8"
    "memorysetup-bucket-allocator-block-size=33554432"
    "memorysetup-bucket-allocator-block-count=8"
    "memorysetup-main-allocator-block-size=16777216"
    "memorysetup-thread-allocator-block-size=16777216"
    "memorysetup-gfx-main-allocator-block-size=16777216"
    "memorysetup-gfx-thread-allocator-block-size=16777216"
    "memorysetup-cache-allocator-block-size=4194304"
    "memorysetup-typetree-allocator-block-size=2097152"
    "memorysetup-profiler-bucket-allocator-granularity=16"
    "memorysetup-profiler-bucket-allocator-bucket-count=8"
    "memorysetup-profiler-bucket-allocator-block-size=33554432"
    "memorysetup-profiler-bucket-allocator-block-count=8"
    "memorysetup-profiler-allocator-block-size=16777216"
    "memorysetup-profiler-editor-allocator-block-size=1048576"
    "memorysetup-temp-allocator-size-main=16777216"
    "memorysetup-job-temp-allocator-block-size=2097152"
    "memorysetup-job-temp-allocator-block-size-background=1048576"
    "memorysetup-job-temp-allocator-reduction-small-platforms=262144"
    "memorysetup-temp-allocator-size-background-worker=32768"
    "memorysetup-temp-allocator-size-job-worker=262144"
    "memorysetup-temp-allocator-size-preload-manager=33554432"
    "memorysetup-temp-allocator-size-nav-mesh-worker=65536"
    "memorysetup-temp-allocator-size-audio-worker=65536"
    "memorysetup-temp-allocator-size-cloud-worker=32768"
    "memorysetup-temp-allocator-size-gi-baking-worker=262144"
    "memorysetup-temp-allocator-size-gfx=262144"
Refreshing native plugins compatible for Editor in 116.14 ms, found 3 plugins.
Preloading 0 native plugins for Editor in 0.00 ms.
Initialize engine version: 2021.3.11f1 (0a5ca18544bf)
[Subsystems] Discovering subsystems at path C:/Program Files/Unity/Hub/Editor/2021.3.11f1/Editor/Data/Resources/UnitySubsystems
[Subsystems] Discovering subsystems at path E:/Projetos Unity/GabrielToonShader/GabrielToonShader/Assets
GfxDevice: creating device client; threaded=0; jobified=0
Direct3D:
    Version:  Direct3D 11.0 [level 11.1]
    Renderer: AMD Radeon(TM) Graphics (ID=0x1638)
    Vendor:   ATI
    VRAM:     6040 MB
    Driver:   31.0.12019.16007
Initialize mono
Mono path[0] = 'C:/Program Files/Unity/Hub/Editor/2021.3.11f1/Editor/Data/Managed'
Mono path[1] = 'C:/Program Files/Unity/Hub/Editor/2021.3.11f1/Editor/Data/MonoBleedingEdge/lib/mono/unityjit-win32'
Mono config path = 'C:/Program Files/Unity/Hub/Editor/2021.3.11f1/Editor/Data/MonoBleedingEdge/etc'
Using monoOptions --debugger-agent=transport=dt_socket,embedding=1,server=y,suspend=n,address=127.0.0.1:56500
Begin MonoManager ReloadAssembly
Registering precompiled unity dll's ...
Register platform support module: C:/Program Files/Unity/Hub/Editor/2021.3.11f1/Editor/Data/PlaybackEngines/WindowsStandaloneSupport/UnityEditor.WindowsStandalone.Extensions.dll
Registered in 0.005468 seconds.
Native extension for WindowsStandalone target not found
Refreshing native plugins compatible for Editor in 96.50 ms, found 3 plugins.
Preloading 0 native plugins for Editor in 0.00 ms.
Mono: successfully reloaded assembly
- Completed reload, in  0.676 seconds
Domain Reload Profiling:
	ReloadAssembly (677ms)
		BeginReloadAssembly (83ms)
			ExecutionOrderSort (0ms)
			DisableScriptedObjects (0ms)
			BackupInstance (0ms)
			ReleaseScriptingObjects (0ms)
			CreateAndSetChildDomain (1ms)
		EndReloadAssembly (461ms)
			LoadAssemblies (81ms)
			RebuildTransferFunctionScriptingTraits (0ms)
			SetupTypeCache (125ms)
			ReleaseScriptCaches (0ms)
			RebuildScriptCaches (29ms)
			SetupLoadedEditorAssemblies (250ms)
				LogAssemblyErrors (0ms)
				InitializePlatformSupportModulesInManaged (8ms)
				SetLoadedEditorAssemblies (0ms)
				RefreshPlugins (97ms)
				BeforeProcessingInitializeOnLoad (1ms)
				ProcessInitializeOnLoadAttributes (106ms)
				ProcessInitializeOnLoadMethodAttributes (38ms)
				AfterProcessingInitializeOnLoad (0ms)
				EditorAssembliesLoaded (0ms)
			ExecutionOrderSort2 (0ms)
			AwakeInstancesAfterBackupRestoration (0ms)
Platform modules already initialized, skipping
Registering precompiled user dll's ...
Registered in 0.005088 seconds.
Begin MonoManager ReloadAssembly
Symbol file LoadedFromMemory doesn't match image E:\Projetos Unity\GabrielToonShader\GabrielToonShader\Library\PackageCache\com.unity.visualscripting@1.7.8\Editor\VisualScripting.Core\Dependencies\YamlDotNet\Unity.VisualScripting.YamlDotNet.dll
Symbol file LoadedFromMemory doesn't match image E:\Projetos Unity\GabrielToonShader\GabrielToonShader\Library\PackageCache\com.unity.visualscripting@1.7.8\Editor\VisualScripting.Core\Dependencies\DotNetZip\Unity.VisualScripting.IonicZip.dll
Native extension for WindowsStandalone target not found
Refreshing native plugins compatible for Editor in 97.09 ms, found 3 plugins.
Preloading 0 native plugins for Editor in 0.00 ms.
Mono: successfully reloaded assembly
- Completed reload, in  1.104 seconds
Domain Reload Profiling:
	ReloadAssembly (1105ms)
		BeginReloadAssembly (96ms)
			ExecutionOrderSort (0ms)
			DisableScriptedObjects (5ms)
			BackupInstance (0ms)
			ReleaseScriptingObjects (0ms)
			CreateAndSetChildDomain (19ms)
		EndReloadAssembly (912ms)
			LoadAssemblies (80ms)
			RebuildTransferFunctionScriptingTraits (0ms)
			SetupTypeCache (249ms)
			ReleaseScriptCaches (1ms)
			RebuildScriptCaches (49ms)
			SetupLoadedEditorAssemblies (498ms)
				LogAssemblyErrors (0ms)
				InitializePlatformSupportModulesInManaged (6ms)
				SetLoadedEditorAssemblies (0ms)
				RefreshPlugins (97ms)
				BeforeProcessingInitializeOnLoad (98ms)
				ProcessInitializeOnLoadAttributes (221ms)
				ProcessInitializeOnLoadMethodAttributes (71ms)
				AfterProcessingInitializeOnLoad (5ms)
				EditorAssembliesLoaded (0ms)
			ExecutionOrderSort2 (0ms)
			AwakeInstancesAfterBackupRestoration (5ms)
Platform modules already initialized, skipping
========================================================================
Worker process is ready to serve import requests
Launched and connected shader compiler UnityShaderCompiler.exe after 0.04 seconds
Refreshing native plugins compatible for Editor in 1.42 ms, found 3 plugins.
Preloading 0 native plugins for Editor in 0.00 ms.
Unloading 5314 Unused Serialized files (Serialized files now loaded: 0)
Unloading 37 unused Assets / (0.8 MB). Loaded Objects now: 5764.
Memory consumption went from 208.7 MB to 207.9 MB.
Total: 3.644300 ms (FindLiveObjects: 0.444300 ms CreateObjectMapping: 0.212000 ms MarkObjects: 2.624000 ms  DeleteObjects: 0.363100 ms)

AssetImportParameters requested are different than current active one (requested -> active):
  custom:video-decoder-ogg-theora: a1e56fd34408186e4bbccfd4996cb3dc -> 
  custom:container-muxer-webm: aa71ff27fc2769a1b78a27578f13a17b -> 
  custom:container-demuxer-webm: 4f35f7cbe854078d1ac9338744f61a02 -> 
  custom:video-encoder-webm-vp8: eb34c28f22e8b96e1ab97ce403110664 -> 
  custom:audio-encoder-webm-vorbis: bf7c407c2cedff20999df2af8eb42d56 -> 
  custom:framework-win-MediaFoundation: 216162199b28c13a410421893ffa2e32 -> 
  custom:container-demuxer-ogg: 62fdf1f143b41e24485cea50d1cbac27 -> 
  custom:video-decoder-webm-vp8: 9c59270c3fd7afecdb556c50c9e8de78 -> 
  custom:audio-decoder-ogg-vorbis: bf7c407c2cedff20999df2af8eb42d56 -> 
========================================================================
Received Import Request.
  Time since last request: 290918.776976 seconds.
  path: Assets/GabrielToonShader/Material/Model/mat_RobotOutline.mat
  artifactKey: Guid(5ed95ffa544c3954397e38d5a2c6fd36) Importer(815301076,1909f56bfc062723c751e8b465ee728b)
Start importing Assets/GabrielToonShader/Material/Model/mat_RobotOutline.mat using Guid(5ed95ffa544c3954397e38d5a2c6fd36) Importer(815301076,1909f56bfc062723c751e8b465ee728b)  -> (artifact id: '5a3aee91f0666fc264d7da05f5a88d33') in 0.245916 seconds 
========================================================================
Received Import Request.
  Time since last request: 220.169788 seconds.
  path: Assets/GabrielToonShader/Material/Model/mat_RobotOutline.mat
  artifactKey: Guid(5ed95ffa544c3954397e38d5a2c6fd36) Importer(815301076,1909f56bfc062723c751e8b465ee728b)
Start importing Assets/GabrielToonShader/Material/Model/mat_RobotOutline.mat using Guid(5ed95ffa544c3954397e38d5a2c6fd36) Importer(815301076,1909f56bfc062723c751e8b465ee728b)  -> (artifact id: '669566884dd0b7387992d989192f7a29') in 0.016276 seconds 
========================================================================
Received Import Request.
  Time since last request: 2322.969167 seconds.
  path: Assets/GabrielToonShader/Material/Enviroment/mat_sphere 2.mat
  artifactKey: Guid(34b4f41838ab52e48acd3cc7f04c9216) Importer(815301076,1909f56bfc062723c751e8b465ee728b)
Start importing Assets/GabrielToonShader/Material/Enviroment/mat_sphere 2.mat using Guid(34b4f41838ab52e48acd3cc7f04c9216) Importer(815301076,1909f56bfc062723c751e8b465ee728b)  -> (artifact id: '282af5408d2c993df765b69fcc831239') in 0.053354 seconds 
========================================================================
Received Import Request.
  Time since last request: 107.902125 seconds.
  path: Assets/GabrielToonShader/Material/Enviroment/mat_sphere 3.mat
  artifactKey: Guid(9bfae63d9ef5cb246929dd394b77eccf) Importer(815301076,1909f56bfc062723c751e8b465ee728b)
Start importing Assets/GabrielToonShader/Material/Enviroment/mat_sphere 3.mat using Guid(9bfae63d9ef5cb246929dd394b77eccf) Importer(815301076,1909f56bfc062723c751e8b465ee728b)  -> (artifact id: '24bd6fb229af2e42b4a77678454caa9e') in 0.017720 seconds 
========================================================================
Received Import Request.
  Time since last request: 0.000022 seconds.
  path: Assets/GabrielToonShader/Material/Enviroment/mat_sphere.mat
  artifactKey: Guid(c8c6dd6364c026d4bb8acb9200b6257d) Importer(815301076,1909f56bfc062723c751e8b465ee728b)
Start importing Assets/GabrielToonShader/Material/Enviroment/mat_sphere.mat using Guid(c8c6dd6364c026d4bb8acb9200b6257d) Importer(815301076,1909f56bfc062723c751e8b465ee728b)  -> (artifact id: '7e49d9af963a1e6bc21a44ae97e6eed1') in 0.011857 seconds 
========================================================================
Received Import Request.
  Time since last request: 12.702400 seconds.
  path: Assets/GabrielToonShader/URP Settings/SphereAsset_Renderer.asset
  artifactKey: Guid(7e811afcc8bc4b641b0a3db2390d8684) Importer(815301076,1909f56bfc062723c751e8b465ee728b)
Start importing Assets/GabrielToonShader/URP Settings/SphereAsset_Renderer.asset using Guid(7e811afcc8bc4b641b0a3db2390d8684) Importer(815301076,1909f56bfc062723c751e8b465ee728b)  -> (artifact id: '6c2fae024533deea24c08b7236c5840f') in 0.004834 seconds 
